<?xml version="1.0" encoding="UTF-8"?>
<testng-results skipped="0" failed="0" total="1" passed="1">
  <reporter-output>
  </reporter-output>
  <suite name="Default suite" duration-ms="15289" started-at="2018-07-06T16:51:28Z" finished-at="2018-07-06T16:51:43Z">
    <groups>
    </groups>
    <test name="Default test" duration-ms="15289" started-at="2018-07-06T16:51:28Z" finished-at="2018-07-06T16:51:43Z">
      <class name="TestCases.LoginApplication">
        <test-method status="PASS" signature="login()[pri:0, instance:TestCases.LoginApplication@47c62251]" name="login" duration-ms="15173" started-at="2018-07-06T22:21:28Z" finished-at="2018-07-06T22:21:43Z">
          <reporter-output>
          </reporter-output>
        </test-method> <!-- login -->
      </class> <!-- TestCases.LoginApplication -->
    </test> <!-- Default test -->
  </suite> <!-- Default suite -->
</testng-results>
